#-----------------------------------------------------------
# Vivado v2020.1 (64-bit)
# SW Build 2902540 on Wed May 27 19:54:49 MDT 2020
# IP Build 2902112 on Wed May 27 22:43:36 MDT 2020
# Start of session at: Sat Jul  3 20:14:50 2021
# Process ID: 11760
# Current directory: C:/Users/¡ı–¿ﬁ»/Desktop/CPU/CPU/CPU
# Command line: vivado.exe -gui_launcher_event rodinguilauncherevent13656 C:\Users\¡ı–¿ﬁ»\Desktop\CPU\CPU\CPU\CPU.xpr
# Log file: C:/Users/¡ı–¿ﬁ»/Desktop/CPU/CPU/CPU/vivado.log
# Journal file: C:/Users/¡ı–¿ﬁ»/Desktop/CPU/CPU/CPU\vivado.jou
#-----------------------------------------------------------
start_gui
open_project C:/Users/¡ı–¿ﬁ»/Desktop/CPU/CPU/CPU/CPU.xpr
INFO: [Project 1-313] Project file moved from 'C:/Users/¡ı–¿ﬁ»/Desktop/º∆◊ÈøŒ…Ë/cpu/CPU/CPU' since last save.
Scanning sources...
Finished scanning sources
INFO: [IP_Flow 19-234] Refreshing IP repositories
INFO: [IP_Flow 19-1704] No user IP repositories specified
INFO: [IP_Flow 19-2313] Loaded Vivado IP repository 'D:/Xilinx/Vivado/2020.1/data/ip'.
open_project: Time (s): cpu = 00:00:26 ; elapsed = 00:00:13 . Memory (MB): peak = 1054.594 ; gain = 0.000
update_compile_order -fileset sources_1
exit
INFO: [Common 17-206] Exiting Vivado at Sat Jul  3 20:16:46 2021...
