Exception at PC 0x000007FEFCF9BDED
Exception at PC 0x000007FEFCF9BDED
Exception at PC 0x000007FEFCF9BDED
Exception at PC 0x000007FEFCF9BDED
Exception at PC 0x000007FEB51AE132
Attemped to write at address 0x000007FEECF04AA4
Printing stacktrace...

[0]  [0x000007FEB51AE132]
[1]  [0x000007FEB51AE132]
[2]  [0x000007FEB51AE194]
[3]  [0x000007FEB4DFD0D7]
[4]  [0x000007FEB4CE2BCA]
[5]  [0x000007FEB4CE2FD1]
[6]  [0x000007FEB51AEB2F]
[7]  [0x000007FEB506C19D]
[8]  [0x000007FEB5065942]
[9]  [0x000007FEB5065AB5]
[10] (LdrShutdownProcess+0x1db) [0x000000007714778B]
[11] (RtlExitUserProcess+0x90) [0x000000007714C1E0]
[12] (wcstoui64+0x2fa) [0x000007FEFDCA99E2]
[13]  [0x00000000004014CD]
[14]  [0x000000000040151B]
[15] (BaseThreadInitThunk+0xd) [0x0000000076F059CD]
[16] (RtlUserThreadStart+0x1d) [0x000000007716385D]
Done
