Vivado Simulator 2020.1
Time resolution is 1 ps
PC = 00000000, IR = 341d000c, NPC=xxxxxxxx
PC = 00000000, IR = 341d000c, NPC=00000004
R[00-07]=00000000, 00000000, 00000000, 00000000, 00000000, 00000000, 00000000, 00000000
R[08-15]=00000000, 00000000, 00000000, 00000000, 00000000, 00000000, 00000000, 00000000
R[16-23]=00000000, 00000000, 00000000, 00000000, 00000000, 00000000, 00000000, 00000000
R[24-31]=00000000, 00000000, 00000000, 00000000, 00000000, 0000000c, 00000000, 00000000
PC = 00000004, IR = 34021234, NPC=00000008
R[00-07]=00000000, 00000000, 00000000, 00000000, 00000000, 00000000, 00000000, 00000000
R[08-15]=00000000, 00000000, 00000000, 00000000, 00000000, 00000000, 00000000, 00000000
R[16-23]=00000000, 00000000, 00000000, 00000000, 00000000, 00000000, 00000000, 00000000
R[24-31]=00000000, 00000000, 00000000, 00000000, 00000000, 0000000c, 00000000, 00000000
PC = 00000008, IR = 34033456, NPC=0000000c
R[00-07]=00000000, 00000000, 00001234, 00000000, 00000000, 00000000, 00000000, 00000000
R[08-15]=00000000, 00000000, 00000000, 00000000, 00000000, 00000000, 00000000, 00000000
R[16-23]=00000000, 00000000, 00000000, 00000000, 00000000, 00000000, 00000000, 00000000
R[24-31]=00000000, 00000000, 00000000, 00000000, 00000000, 0000000c, 00000000, 00000000
PC = 0000000c, IR = 00432021, NPC=00000010
R[00-07]=00000000, 00000000, 00001234, 00003456, 00000000, 00000000, 00000000, 00000000
R[08-15]=00000000, 00000000, 00000000, 00000000, 00000000, 00000000, 00000000, 00000000
R[16-23]=00000000, 00000000, 00000000, 00000000, 00000000, 00000000, 00000000, 00000000
R[24-31]=00000000, 00000000, 00000000, 00000000, 00000000, 0000000c, 00000000, 00000000
PC = 00000010, IR = 00643023, NPC=00000014
R[00-07]=00000000, 00000000, 00001234, 00003456, 0000468a, 00000000, 00000000, 00000000
R[08-15]=00000000, 00000000, 00000000, 00000000, 00000000, 00000000, 00000000, 00000000
R[16-23]=00000000, 00000000, 00000000, 00000000, 00000000, 00000000, 00000000, 00000000
R[24-31]=00000000, 00000000, 00000000, 00000000, 00000000, 0000000c, 00000000, 00000000
PC = 00000014, IR = ac020000, NPC=00000018
R[00-07]=00000000, 00000000, 00001234, 00003456, 0000468a, 00000000, ffffedcc, 00000000
R[08-15]=00000000, 00000000, 00000000, 00000000, 00000000, 00000000, 00000000, 00000000
R[16-23]=00000000, 00000000, 00000000, 00000000, 00000000, 00000000, 00000000, 00000000
R[24-31]=00000000, 00000000, 00000000, 00000000, 00000000, 0000000c, 00000000, 00000000
PC = 00000018, IR = ac030004, NPC=0000001c
PC = 0000001c, IR = afa40004, NPC=00000020
PC = 00000020, IR = 8c050000, NPC=00000024
PC = 00000024, IR = 10450001, NPC=00000028
R[00-07]=00000000, 00000000, 00001234, 00003456, 0000468a, 00000000, ffffedcc, 00000000
R[08-15]=00000000, 00000000, 00000000, 00000000, 00000000, 00000000, 00000000, 00000000
R[16-23]=00000000, 00000000, 00000000, 00000000, 00000000, 00000000, 00000000, 00000000
R[24-31]=00000000, 00000000, 00000000, 00000000, 00000000, 0000000c, 00000000, 00000000
R[00-07]=00000000, 00000000, 00001234, 00003456, 0000468a, 00001234, ffffedcc, 00000000
R[08-15]=00000000, 00000000, 00000000, 00000000, 00000000, 00000000, 00000000, 00000000
R[16-23]=00000000, 00000000, 00000000, 00000000, 00000000, 00000000, 00000000, 00000000
R[24-31]=00000000, 00000000, 00000000, 00000000, 00000000, 0000000c, 00000000, 00000000
PC = 00000028, IR = 8fa30004, NPC=0000002c
PC = 00000028, IR = 8fa30004, NPC=00000030
PC = 00000030, IR = 1065fffd, NPC=00000044
PC = 00000030, IR = 1065fffd, NPC=00000034
R[00-07]=00000000, 00000000, 00001234, xxxxxxxx, 0000468a, 00001234, ffffedcc, 00000000
R[08-15]=00000000, 00000000, 00000000, 00000000, 00000000, 00000000, 00000000, 00000000
R[16-23]=00000000, 00000000, 00000000, 00000000, 00000000, 00000000, 00000000, 00000000
R[24-31]=00000000, 00000000, 00000000, 00000000, 00000000, 0000000c, 00000000, 00000000
R[00-07]=00000000, 00000000, 00001234, 0000468a, 0000468a, 00001234, ffffedcc, 00000000
R[08-15]=00000000, 00000000, 00000000, 00000000, 00000000, 00000000, 00000000, 00000000
R[16-23]=00000000, 00000000, 00000000, 00000000, 00000000, 